#
# There is insufficient memory for the Java Runtime Environment to continue.
# Native memory allocation (malloc) failed to allocate 1702896 bytes for Chunk::new
# Possible reasons:
#   The system is out of physical RAM or swap space
#   The process is running with CompressedOops enabled, and the Java Heap may be blocking the growth of the native heap
# Possible solutions:
#   Reduce memory load on the system
#   Increase physical memory or swap space
#   Check if swap backing store is full
#   Decrease Java heap size (-Xmx/-Xms)
#   Decrease number of Java threads
#   Decrease Java thread stack sizes (-Xss)
#   Set larger code cache with -XX:ReservedCodeCacheSize=
#   JVM is running with Zero Based Compressed Oops mode in which the Java heap is
#     placed in the first 32GB address space. The Java Heap base address is the
#     maximum limit for the native heap growth. Please use -XX:HeapBaseMinAddress
#     to set the Java Heap base and to place the Java Heap above 32GB virtual address.
# This output file may be truncated or incomplete.
#
#  Out of Memory Error (allocation.cpp:390), pid=128216, tid=0x000000000001fd04
#
# JRE version: Java(TM) SE Runtime Environment (8.0_201-b09) (build 1.8.0_201-b09)
# Java VM: Java HotSpot(TM) 64-Bit Server VM (25.201-b09 mixed mode windows-amd64 compressed oops)
# Failed to write core dump. Minidumps are not enabled by default on client versions of Windows
#

---------------  T H R E A D  ---------------

Current thread (0x000000001ef20800):  JavaThread "C2 CompilerThread0" daemon [_thread_in_native, id=130308, stack(0x000000001f7f0000,0x000000001f8f0000)]

Stack: [0x000000001f7f0000,0x000000001f8f0000]
[error occurred during error reporting (printing stack bounds), id 0xc0000005]

Native frames: (J=compiled Java code, j=interpreted, Vv=VM code, C=native code)


Current CompileTask:
C2:  36047 4088       4       org.springframework.transaction.interceptor.AbstractFallbackTransactionAttributeSource::getTransactionAttribute (173 bytes)


---------------  P R O C E S S  ---------------

Java Threads: ( => current thread )
  0x000000002470c000 JavaThread "DestroyJavaVM" [_thread_blocked, id=107040, stack(0x00000000029d0000,0x0000000002ad0000)]
  0x0000000024709000 JavaThread "task-2" [_thread_blocked, id=131268, stack(0x0000000029850000,0x0000000029950000)]
  0x000000002470d000 JavaThread "http-nio-8080-Acceptor" daemon [_thread_in_native, id=131632, stack(0x0000000029550000,0x0000000029650000)]
  0x000000002470d800 JavaThread "http-nio-8080-ClientPoller" daemon [_thread_in_native, id=131232, stack(0x0000000029450000,0x0000000029550000)]
  0x000000002470b800 JavaThread "http-nio-8080-exec-10" daemon [_thread_blocked, id=131228, stack(0x0000000029350000,0x0000000029450000)]
  0x000000002217a800 JavaThread "http-nio-8080-exec-9" daemon [_thread_blocked, id=126376, stack(0x0000000029250000,0x0000000029350000)]
  0x0000000022176000 JavaThread "http-nio-8080-exec-8" daemon [_thread_blocked, id=126364, stack(0x0000000029150000,0x0000000029250000)]
  0x0000000022179000 JavaThread "http-nio-8080-exec-7" daemon [_thread_blocked, id=131284, stack(0x0000000029050000,0x0000000029150000)]
  0x0000000022175800 JavaThread "http-nio-8080-exec-6" daemon [_thread_blocked, id=131276, stack(0x0000000028f50000,0x0000000029050000)]
  0x0000000022174800 JavaThread "http-nio-8080-exec-5" daemon [_thread_blocked, id=127960, stack(0x0000000028e50000,0x0000000028f50000)]
  0x000000002217a000 JavaThread "http-nio-8080-exec-4" daemon [_thread_blocked, id=131900, stack(0x0000000028d50000,0x0000000028e50000)]
  0x0000000022177800 JavaThread "http-nio-8080-exec-3" daemon [_thread_blocked, id=131896, stack(0x0000000028c50000,0x0000000028d50000)]
  0x0000000022178800 JavaThread "http-nio-8080-exec-2" daemon [_thread_blocked, id=130412, stack(0x0000000028b50000,0x0000000028c50000)]
  0x0000000022177000 JavaThread "http-nio-8080-exec-1" daemon [_thread_blocked, id=130336, stack(0x0000000026d20000,0x0000000026e20000)]
  0x0000000022174000 JavaThread "http-nio-8080-BlockPoller" daemon [_thread_in_native, id=131316, stack(0x00000000269a0000,0x0000000026aa0000)]
  0x0000000022069000 JavaThread "task-1" [_thread_blocked, id=129156, stack(0x0000000026ef0000,0x0000000026ff0000)]
  0x0000000022260000 JavaThread "HikariPool-1 housekeeper" daemon [_thread_blocked, id=92184, stack(0x0000000022880000,0x0000000022980000)]
  0x0000000021a33000 JavaThread "container-0" [_thread_blocked, id=127172, stack(0x00000000253d0000,0x00000000254d0000)]
  0x00000000226fa800 JavaThread "Catalina-utility-2" [_thread_blocked, id=130796, stack(0x0000000024280000,0x0000000024380000)]
  0x0000000021d53000 JavaThread "Catalina-utility-1" [_thread_blocked, id=132044, stack(0x0000000024180000,0x0000000024280000)]
  0x000000001efc4000 JavaThread "Service Thread" daemon [_thread_blocked, id=132024, stack(0x000000001fbf0000,0x000000001fcf0000)]
  0x000000001ef5d800 JavaThread "C1 CompilerThread3" daemon [_thread_blocked, id=121140, stack(0x000000001faf0000,0x000000001fbf0000)]
  0x000000001ef2f000 JavaThread "C2 CompilerThread2" daemon [_thread_blocked, id=131936, stack(0x000000001f9f0000,0x000000001faf0000)]
  0x000000001ef22000 JavaThread "C2 CompilerThread1" daemon [_thread_in_native, id=112024, stack(0x000000001f8f0000,0x000000001f9f0000)]
=>0x000000001ef20800 JavaThread "C2 CompilerThread0" daemon [_thread_in_native, id=130308, stack(0x000000001f7f0000,0x000000001f8f0000)]
  0x000000001e9ca800 JavaThread "Monitor Ctrl-Break" daemon [_thread_in_native, id=128860, stack(0x000000001f6f0000,0x000000001f7f0000)]
  0x000000001e6f8000 JavaThread "Attach Listener" daemon [_thread_blocked, id=132072, stack(0x000000001edf0000,0x000000001eef0000)]
  0x000000001e6a5000 JavaThread "Signal Dispatcher" daemon [_thread_blocked, id=131120, stack(0x000000001ecf0000,0x000000001edf0000)]
  0x000000001e680800 JavaThread "Finalizer" daemon [_thread_blocked, id=118072, stack(0x000000001eb60000,0x000000001ec60000)]
  0x000000001c86d800 JavaThread "Reference Handler" daemon [_thread_blocked, id=131504, stack(0x000000001ea60000,0x000000001eb60000)]

Other Threads:
  0x000000001c869000 VMThread [stack: 0x000000001e560000,0x000000001e660000] [id=132004]
  0x000000001f065800 WatcherThread [stack: 0x000000001fcf0000,0x000000001fdf0000] [id=131108]

VM state:not at safepoint (normal execution)

VM Mutex/Monitor currently owned by a thread: None

heap address: 0x00000006c0a00000, size: 4086 MB, Compressed Oops mode: Zero based, Oop shift amount: 3
Narrow klass base: 0x0000000000000000, Narrow klass shift: 3
Compressed class space size: 1073741824 Address: 0x00000007c0000000

Heap:
 PSYoungGen      total 209920K, used 17749K [0x000000076ae00000, 0x000000077b780000, 0x00000007c0000000)
  eden space 194560K, 9% used [0x000000076ae00000,0x000000076bf555e0,0x0000000776c00000)
  from space 15360K, 0% used [0x0000000776c00000,0x0000000776c00000,0x0000000777b00000)
  to   space 14848K, 0% used [0x000000077a900000,0x000000077a900000,0x000000077b780000)
 ParOldGen       total 220160K, used 18080K [0x00000006c0a00000, 0x00000006ce100000, 0x000000076ae00000)
  object space 220160K, 8% used [0x00000006c0a00000,0x00000006c1ba8380,0x00000006ce100000)
 Metaspace       used 57526K, capacity 60425K, committed 60672K, reserved 1101824K
  class space    used 7906K, capacity 8383K, committed 8448K, reserved 1048576K

Card table byte_map: [0x0000000012170000,0x0000000012970000] byte_map_base: 0x000000000eb6b000

Marking Bits: (ParMarkBitMap*) 0x000000006d054ce0
 Begin Bits: [0x00000000136d0000, 0x00000000176a8000)
 End Bits:   [0x00000000176a8000, 0x000000001b680000)

Polling page: 0x00000000005d0000

CodeCache: size=245760Kb used=12973Kb max_used=13439Kb free=232786Kb
 bounds [0x0000000002db0000, 0x0000000003b20000, 0x0000000011db0000]
 total_blobs=4220 nmethods=3662 adapters=470
 compilation: enabled

Compilation events (10 events):
Event: 35.934 Thread 0x000000001ef2f000 4212       4       java.nio.charset.CoderResult::isUnderflow (13 bytes)
Event: 35.934 Thread 0x000000001ef5d800 4213       3       java.nio.HeapByteBuffer::put (16 bytes)
Event: 35.934 Thread 0x000000001ef5d800 nmethod 4213 0x00000000030354d0 code [0x0000000003035660, 0x0000000003035a28]
Event: 35.934 Thread 0x000000001ef5d800 4214       3       org.apache.tomcat.util.buf.AbstractChunk::getLength (10 bytes)
Event: 35.934 Thread 0x000000001ef2f000 nmethod 4212 0x00000000038caf10 code [0x00000000038cb040, 0x00000000038cb0b8]
Event: 35.934 Thread 0x000000001ef5d800 nmethod 4214 0x000000000377d1d0 code [0x000000000377d320, 0x000000000377d470]
Event: 35.934 Thread 0x000000001ef5d800 4215       3       java.nio.StringCharBuffer::get (19 bytes)
Event: 35.935 Thread 0x000000001ef5d800 nmethod 4215 0x000000000363d510 code [0x000000000363d6a0, 0x000000000363dab8]
Event: 35.938 Thread 0x000000001ef5d800 4216       3       javax.servlet.http.HttpServletRequestWrapper::_getHttpServletRequest (8 bytes)
Event: 35.938 Thread 0x000000001ef5d800 nmethod 4216 0x0000000003035050 code [0x00000000030351c0, 0x0000000003035430]

GC Heap History (10 events):
Event: 3.698 GC heap before
{Heap before GC invocations=8 (full 2):
 PSYoungGen      total 142848K, used 7093K [0x000000076ae00000, 0x0000000778100000, 0x00000007c0000000)
  eden space 132608K, 0% used [0x000000076ae00000,0x000000076ae00000,0x0000000772f80000)
  from space 10240K, 69% used [0x0000000773a00000,0x00000007740ed760,0x0000000774400000)
  to   space 10752K, 0% used [0x0000000772f80000,0x0000000772f80000,0x0000000773a00000)
 ParOldGen       total 109568K, used 7692K [0x00000006c0a00000, 0x00000006c7500000, 0x000000076ae00000)
  object space 109568K, 7% used [0x00000006c0a00000,0x00000006c1183078,0x00000006c7500000)
 Metaspace       used 33590K, capacity 35363K, committed 35496K, reserved 1081344K
  class space    used 4254K, capacity 4554K, committed 4608K, reserved 1048576K
Event: 3.735 GC heap after
Heap after GC invocations=8 (full 2):
 PSYoungGen      total 142848K, used 0K [0x000000076ae00000, 0x0000000778100000, 0x00000007c0000000)
  eden space 132608K, 0% used [0x000000076ae00000,0x000000076ae00000,0x0000000772f80000)
  from space 10240K, 0% used [0x0000000773a00000,0x0000000773a00000,0x0000000774400000)
  to   space 10752K, 0% used [0x0000000772f80000,0x0000000772f80000,0x0000000773a00000)
 ParOldGen       total 164864K, used 12488K [0x00000006c0a00000, 0x00000006cab00000, 0x000000076ae00000)
  object space 164864K, 7% used [0x00000006c0a00000,0x00000006c16320d0,0x00000006cab00000)
 Metaspace       used 33590K, capacity 35363K, committed 35496K, reserved 1081344K
  class space    used 4254K, capacity 4554K, committed 4608K, reserved 1048576K
}
Event: 4.518 GC heap before
{Heap before GC invocations=9 (full 2):
 PSYoungGen      total 142848K, used 132608K [0x000000076ae00000, 0x0000000778100000, 0x00000007c0000000)
  eden space 132608K, 100% used [0x000000076ae00000,0x0000000772f80000,0x0000000772f80000)
  from space 10240K, 0% used [0x0000000773a00000,0x0000000773a00000,0x0000000774400000)
  to   space 10752K, 0% used [0x0000000772f80000,0x0000000772f80000,0x0000000773a00000)
 ParOldGen       total 164864K, used 12488K [0x00000006c0a00000, 0x00000006cab00000, 0x000000076ae00000)
  object space 164864K, 7% used [0x00000006c0a00000,0x00000006c16320d0,0x00000006cab00000)
 Metaspace       used 43911K, capacity 46061K, committed 46208K, reserved 1089536K
  class space    used 5867K, capacity 6235K, committed 6272K, reserved 1048576K
Event: 4.528 GC heap after
Heap after GC invocations=9 (full 2):
 PSYoungGen      total 143360K, used 10733K [0x000000076ae00000, 0x0000000778780000, 0x00000007c0000000)
  eden space 132608K, 0% used [0x000000076ae00000,0x000000076ae00000,0x0000000772f80000)
  from space 10752K, 99% used [0x0000000772f80000,0x00000007739fb548,0x0000000773a00000)
  to   space 12800K, 0% used [0x0000000777b00000,0x0000000777b00000,0x0000000778780000)
 ParOldGen       total 164864K, used 15002K [0x00000006c0a00000, 0x00000006cab00000, 0x000000076ae00000)
  object space 164864K, 9% used [0x00000006c0a00000,0x00000006c18a6a98,0x00000006cab00000)
 Metaspace       used 43911K, capacity 46061K, committed 46208K, reserved 1089536K
  class space    used 5867K, capacity 6235K, committed 6272K, reserved 1048576K
}
Event: 5.712 GC heap before
{Heap before GC invocations=10 (full 2):
 PSYoungGen      total 143360K, used 143341K [0x000000076ae00000, 0x0000000778780000, 0x00000007c0000000)
  eden space 132608K, 100% used [0x000000076ae00000,0x0000000772f80000,0x0000000772f80000)
  from space 10752K, 99% used [0x0000000772f80000,0x00000007739fb548,0x0000000773a00000)
  to   space 12800K, 0% used [0x0000000777b00000,0x0000000777b00000,0x0000000778780000)
 ParOldGen       total 164864K, used 15002K [0x00000006c0a00000, 0x00000006cab00000, 0x000000076ae00000)
  object space 164864K, 9% used [0x00000006c0a00000,0x00000006c18a6a98,0x00000006cab00000)
 Metaspace       used 54699K, capacity 57565K, committed 57728K, reserved 1099776K
  class space    used 7514K, capacity 7989K, committed 8064K, reserved 1048576K
Event: 5.727 GC heap after
Heap after GC invocations=10 (full 2):
 PSYoungGen      total 207360K, used 12774K [0x000000076ae00000, 0x0000000778b80000, 0x00000007c0000000)
  eden space 194560K, 0% used [0x000000076ae00000,0x000000076ae00000,0x0000000776c00000)
  from space 12800K, 99% used [0x0000000777b00000,0x0000000778779bb8,0x0000000778780000)
  to   space 15360K, 0% used [0x0000000776c00000,0x0000000776c00000,0x0000000777b00000)
 ParOldGen       total 164864K, used 17613K [0x00000006c0a00000, 0x00000006cab00000, 0x000000076ae00000)
  object space 164864K, 10% used [0x00000006c0a00000,0x00000006c1b337b0,0x00000006cab00000)
 Metaspace       used 54699K, capacity 57565K, committed 57728K, reserved 1099776K
  class space    used 7514K, capacity 7989K, committed 8064K, reserved 1048576K
}
Event: 35.619 GC heap before
{Heap before GC invocations=11 (full 2):
 PSYoungGen      total 207360K, used 30347K [0x000000076ae00000, 0x0000000778b80000, 0x00000007c0000000)
  eden space 194560K, 9% used [0x000000076ae00000,0x000000076bf290a8,0x0000000776c00000)
  from space 12800K, 99% used [0x0000000777b00000,0x0000000778779bb8,0x0000000778780000)
  to   space 15360K, 0% used [0x0000000776c00000,0x0000000776c00000,0x0000000777b00000)
 ParOldGen       total 164864K, used 17613K [0x00000006c0a00000, 0x00000006cab00000, 0x000000076ae00000)
  object space 164864K, 10% used [0x00000006c0a00000,0x00000006c1b337b0,0x00000006cab00000)
 Metaspace       used 56185K, capacity 59049K, committed 59136K, reserved 1099776K
  class space    used 7690K, capacity 8159K, committed 8192K, reserved 1048576K
Event: 35.626 GC heap after
Heap after GC invocations=11 (full 2):
 PSYoungGen      total 209920K, used 8469K [0x000000076ae00000, 0x000000077b780000, 0x00000007c0000000)
  eden space 194560K, 0% used [0x000000076ae00000,0x000000076ae00000,0x0000000776c00000)
  from space 15360K, 55% used [0x0000000776c00000,0x0000000777445428,0x0000000777b00000)
  to   space 14848K, 0% used [0x000000077a900000,0x000000077a900000,0x000000077b780000)
 ParOldGen       total 164864K, used 17621K [0x00000006c0a00000, 0x00000006cab00000, 0x000000076ae00000)
  object space 164864K, 10% used [0x00000006c0a00000,0x00000006c1b357b0,0x00000006cab00000)
 Metaspace       used 56185K, capacity 59049K, committed 59136K, reserved 1099776K
  class space    used 7690K, capacity 8159K, committed 8192K, reserved 1048576K
}
Event: 35.626 GC heap before
{Heap before GC invocations=12 (full 3):
 PSYoungGen      total 209920K, used 8469K [0x000000076ae00000, 0x000000077b780000, 0x00000007c0000000)
  eden space 194560K, 0% used [0x000000076ae00000,0x000000076ae00000,0x0000000776c00000)
  from space 15360K, 55% used [0x0000000776c00000,0x0000000777445428,0x0000000777b00000)
  to   space 14848K, 0% used [0x000000077a900000,0x000000077a900000,0x000000077b780000)
 ParOldGen       total 164864K, used 17621K [0x00000006c0a00000, 0x00000006cab00000, 0x000000076ae00000)
  object space 164864K, 10% used [0x00000006c0a00000,0x00000006c1b357b0,0x00000006cab00000)
 Metaspace       used 56185K, capacity 59049K, committed 59136K, reserved 1099776K
  class space    used 7690K, capacity 8159K, committed 8192K, reserved 1048576K
Event: 35.725 GC heap after
Heap after GC invocations=12 (full 3):
 PSYoungGen      total 209920K, used 0K [0x000000076ae00000, 0x000000077b780000, 0x00000007c0000000)
  eden space 194560K, 0% used [0x000000076ae00000,0x000000076ae00000,0x0000000776c00000)
  from space 15360K, 0% used [0x0000000776c00000,0x0000000776c00000,0x0000000777b00000)
  to   space 14848K, 0% used [0x000000077a900000,0x000000077a900000,0x000000077b780000)
 ParOldGen       total 220160K, used 18080K [0x00000006c0a00000, 0x00000006ce100000, 0x000000076ae00000)
  object space 220160K, 8% used [0x00000006c0a00000,0x00000006c1ba8380,0x00000006ce100000)
 Metaspace       used 56185K, capacity 59049K, committed 59136K, reserved 1099776K
  class space    used 7690K, capacity 8159K, committed 8192K, reserved 1048576K
}

Deoptimization events (10 events):
Event: 5.123 Thread 0x0000000022069000 Uncommon trap: reason=unstable_if action=reinterpret pc=0x000000000304ef54 method=sun.reflect.Reflection.filter([Ljava/lang/reflect/Member;[Ljava/lang/String;)[Ljava/lang/reflect/Member; @ 1
Event: 5.357 Thread 0x0000000002cb7000 Uncommon trap: reason=unstable_if action=reinterpret pc=0x00000000036564e8 method=org.springframework.util.ConcurrentReferenceHashMap$Segment.restructureIfNecessary(Z)V @ 41
Event: 5.358 Thread 0x0000000002cb7000 Uncommon trap: reason=unstable_if action=reinterpret pc=0x00000000036f0a58 method=org.springframework.util.ConcurrentReferenceHashMap$Segment.restructureIfNecessary(Z)V @ 41
Event: 5.551 Thread 0x0000000024709000 Uncommon trap: reason=unstable_if action=reinterpret pc=0x000000000376ae1c method=java.lang.ThreadLocal$ThreadLocalMap.getEntry(Ljava/lang/ThreadLocal;)Ljava/lang/ThreadLocal$ThreadLocalMap$Entry; @ 29
Event: 5.551 Thread 0x0000000024709000 Uncommon trap: reason=unstable_if action=reinterpret pc=0x000000000376b2ac method=java.lang.ThreadLocal$ThreadLocalMap.getEntry(Ljava/lang/ThreadLocal;)Ljava/lang/ThreadLocal$ThreadLocalMap$Entry; @ 29
Event: 35.725 Thread 0x000000001c86d800 Uncommon trap: reason=unstable_if action=reinterpret pc=0x000000000383dcf0 method=java.lang.ref.Reference.tryHandlePending(Z)Z @ 20
Event: 35.835 Thread 0x0000000022177800 Uncommon trap: reason=unstable_if action=reinterpret pc=0x000000000380510c method=org.thymeleaf.engine.AttributeName.equals(Ljava/lang/Object;)Z @ 2
Event: 35.835 Thread 0x0000000022177800 Uncommon trap: reason=unstable_if action=reinterpret pc=0x0000000003805598 method=org.thymeleaf.engine.AttributeName.equals(Ljava/lang/Object;)Z @ 2
Event: 35.899 Thread 0x0000000022177800 Uncommon trap: reason=unstable_if action=reinterpret pc=0x000000000307907c method=java.lang.CharacterDataLatin1.isWhitespace(I)Z @ 14
Event: 35.925 Thread 0x0000000022177800 Uncommon trap: reason=unstable_if action=reinterpret pc=0x00000000030cad84 method=org.attoparser.util.TextUtil.compareTo(Z[CII[CII)I @ 94

Classes redefined (0 events):
No events

Internal exceptions (10 events):
Event: 5.378 Thread 0x0000000002cb7000 Exception <a 'java/lang/NoSuchMethodError': java.lang.Object.empty()Ljava/util/stream/Stream;> (0x000000077154fd90) thrown at [C:\re\workspace\8-2-build-windows-amd64-cygwin\jdk8u201\12322\hotspot\src\share\vm\interpreter\linkResolver.cpp, line 620]
Event: 5.380 Thread 0x0000000002cb7000 Exception <a 'java/lang/NoSuchMethodError': java.lang.Object.fromNullable(Ljava/lang/Object;)Ljava/util/stream/Stream;> (0x000000077155fc58) thrown at [C:\re\workspace\8-2-build-windows-amd64-cygwin\jdk8u201\12322\hotspot\src\share\vm\interpreter\linkReso
Event: 5.394 Thread 0x0000000002cb7000 Exception <a 'java/lang/NoSuchMethodError': java.lang.Object.lambda$direct$0(Lorg/springframework/data/repository/core/support/MethodLookup$InvokedMethod;Ljava/lang/reflect/Method;)Z> (0x0000000771648870) thrown at [C:\re\workspace\8-2-build-windows-amd64
Event: 5.394 Thread 0x0000000002cb7000 Exception <a 'java/lang/NoSuchMethodError': java.lang.Object.lambda$direct$1(Lorg/springframework/data/repository/core/support/MethodLookup$MethodPredicate;)Ljava/util/List;> (0x000000077164ba38) thrown at [C:\re\workspace\8-2-build-windows-amd64-cygwin\j
Event: 5.396 Thread 0x0000000002cb7000 Exception <a 'java/lang/NoSuchMethodError': java.lang.Object.lambda$and$0(Lorg/springframework/data/repository/core/support/MethodLookup;)Ljava/util/List;> (0x000000077166db90) thrown at [C:\re\workspace\8-2-build-windows-amd64-cygwin\jdk8u201\12322\hotsp
Event: 5.401 Thread 0x0000000002cb7000 Exception <a 'java/lang/IncompatibleClassChangeError': Found class java.lang.Object, but interface was expected> (0x0000000771730600) thrown at [C:\re\workspace\8-2-build-windows-amd64-cygwin\jdk8u201\12322\hotspot\src\share\vm\interpreter\linkResolver.cp
Event: 5.486 Thread 0x0000000002cb7000 Exception <a 'java/lang/reflect/InvocationTargetException'> (0x0000000772157fb8) thrown at [C:\re\workspace\8-2-build-windows-amd64-cygwin\jdk8u201\12322\hotspot\src\share\vm\runtime\reflection.cpp, line 1092]
Event: 5.504 Thread 0x0000000002cb7000 Exception <a 'java/lang/IncompatibleClassChangeError': Found class java.lang.Object, but interface was expected> (0x00000007722bf7c8) thrown at [C:\re\workspace\8-2-build-windows-amd64-cygwin\jdk8u201\12322\hotspot\src\share\vm\interpreter\linkResolver.cp
Event: 5.672 Thread 0x0000000002cb7000 Exception <a 'java/lang/ClassNotFoundException': java/lang/ObjectCustomizer> (0x0000000772c99ac0) thrown at [C:\re\workspace\8-2-build-windows-amd64-cygwin\jdk8u201\12322\hotspot\src\share\vm\classfile\systemDictionary.cpp, line 210]
Event: 5.673 Thread 0x0000000002cb7000 Exception <a 'java/lang/ClassNotFoundException': me/hanum/springsecurity02/account/AccountCustomizer> (0x0000000772cb2740) thrown at [C:\re\workspace\8-2-build-windows-amd64-cygwin\jdk8u201\12322\hotspot\src\share\vm\classfile\systemDictionary.cpp, line 2

Events (10 events):
Event: 35.937 loading class org/apache/tomcat/util/net/NioBlockingSelector$BlockPoller$RunnableRemove
Event: 35.937 loading class org/apache/tomcat/util/net/NioBlockingSelector$BlockPoller$RunnableRemove done
Event: 35.937 Executing VM operation: RevokeBias
Event: 35.937 Executing VM operation: RevokeBias done
Event: 35.937 Executing VM operation: RevokeBias
Event: 35.938 Executing VM operation: RevokeBias done
Event: 35.939 Thread 0x000000001ef5d800 flushing nmethod 0x0000000002efa710
Event: 35.939 Thread 0x000000001ef5d800 flushing nmethod 0x0000000002f1a990
Event: 35.940 Executing VM operation: RevokeBias
Event: 35.940 Executing VM operation: RevokeBias done


Dynamic libraries:
0x00007ff7d9a10000 - 0x00007ff7d9a47000 	C:\Program Files\Java\jdk1.8.0_201\bin\java.exe
0x00007ffd28380000 - 0x00007ffd28570000 	C:\WINDOWS\SYSTEM32\ntdll.dll
0x00007ffd26610000 - 0x00007ffd266c2000 	C:\WINDOWS\System32\KERNEL32.DLL
0x00007ffd25300000 - 0x00007ffd255a4000 	C:\WINDOWS\System32\KERNELBASE.dll
0x00007ffd28040000 - 0x00007ffd280e3000 	C:\WINDOWS\System32\ADVAPI32.dll
0x00007ffd27570000 - 0x00007ffd2760e000 	C:\WINDOWS\System32\msvcrt.dll
0x00007ffd28290000 - 0x00007ffd28327000 	C:\WINDOWS\System32\sechost.dll
0x00007ffd26b40000 - 0x00007ffd26c60000 	C:\WINDOWS\System32\RPCRT4.dll
0x00007ffd27ea0000 - 0x00007ffd28034000 	C:\WINDOWS\System32\USER32.dll
0x00007ffd25700000 - 0x00007ffd25721000 	C:\WINDOWS\System32\win32u.dll
0x00007ffd276a0000 - 0x00007ffd276c6000 	C:\WINDOWS\System32\GDI32.dll
0x00007ffd26160000 - 0x00007ffd262f6000 	C:\WINDOWS\System32\gdi32full.dll
0x00007ffd26330000 - 0x00007ffd263ce000 	C:\WINDOWS\System32\msvcp_win.dll
0x00007ffd25730000 - 0x00007ffd2582a000 	C:\WINDOWS\System32\ucrtbase.dll
0x00007ffd19c80000 - 0x00007ffd19f04000 	C:\WINDOWS\WinSxS\amd64_microsoft.windows.common-controls_6595b64144ccf1df_6.0.18362.959_none_e6c7bbbf130c62bb\COMCTL32.dll
0x00007ffd26800000 - 0x00007ffd26b35000 	C:\WINDOWS\System32\combase.dll
0x00007ffd25930000 - 0x00007ffd259b0000 	C:\WINDOWS\System32\bcryptPrimitives.dll
0x00007ffd27670000 - 0x00007ffd2769e000 	C:\WINDOWS\System32\IMM32.DLL
0x000000006d780000 - 0x000000006d851000 	C:\Program Files\Java\jdk1.8.0_201\jre\bin\msvcr100.dll
0x000000006c830000 - 0x000000006d0d4000 	C:\Program Files\Java\jdk1.8.0_201\jre\bin\server\jvm.dll
0x00007ffd28330000 - 0x00007ffd28338000 	C:\WINDOWS\System32\PSAPI.DLL
0x00007ffd21820000 - 0x00007ffd21844000 	C:\WINDOWS\SYSTEM32\WINMM.dll
0x00007ffd1f910000 - 0x00007ffd1f91a000 	C:\WINDOWS\SYSTEM32\VERSION.dll
0x00007ffd23100000 - 0x00007ffd23109000 	C:\WINDOWS\SYSTEM32\WSOCK32.dll
0x00007ffd217e0000 - 0x00007ffd2180d000 	C:\WINDOWS\SYSTEM32\WINMMBASE.dll
0x00007ffd27500000 - 0x00007ffd2756f000 	C:\WINDOWS\System32\WS2_32.dll
0x00007ffd258e0000 - 0x00007ffd2592a000 	C:\WINDOWS\System32\cfgmgr32.dll
0x00007ffd23160000 - 0x00007ffd2316f000 	C:\Program Files\Java\jdk1.8.0_201\jre\bin\verify.dll
0x00007ffd1a320000 - 0x00007ffd1a349000 	C:\Program Files\Java\jdk1.8.0_201\jre\bin\java.dll
0x00007ffd1a2f0000 - 0x00007ffd1a313000 	C:\Program Files\Java\jdk1.8.0_201\jre\bin\instrument.dll
0x00007ffd1a2d0000 - 0x00007ffd1a2e6000 	C:\Program Files\Java\jdk1.8.0_201\jre\bin\zip.dll
0x00007ffd277b0000 - 0x00007ffd27e96000 	C:\WINDOWS\System32\SHELL32.dll
0x00007ffd266d0000 - 0x00007ffd26779000 	C:\WINDOWS\System32\shcore.dll
0x00007ffd259d0000 - 0x00007ffd26152000 	C:\WINDOWS\System32\windows.storage.dll
0x00007ffd252b0000 - 0x00007ffd252d3000 	C:\WINDOWS\System32\profapi.dll
0x00007ffd25240000 - 0x00007ffd2528a000 	C:\WINDOWS\System32\powrprof.dll
0x00007ffd25230000 - 0x00007ffd25240000 	C:\WINDOWS\System32\UMPDC.dll
0x00007ffd276d0000 - 0x00007ffd27722000 	C:\WINDOWS\System32\shlwapi.dll
0x00007ffd25290000 - 0x00007ffd252a1000 	C:\WINDOWS\System32\kernel.appcore.dll
0x00007ffd259b0000 - 0x00007ffd259c7000 	C:\WINDOWS\System32\cryptsp.dll
0x00007ffd1a2b0000 - 0x00007ffd1a2ca000 	C:\Program Files\JetBrains\IntelliJ IDEA Community Edition 2019.3.3\bin\breakgen64.dll
0x00007ffd0e8a0000 - 0x00007ffd0e8ba000 	C:\Program Files\Java\jdk1.8.0_201\jre\bin\net.dll
0x00007ffd19780000 - 0x00007ffd19956000 	C:\WINDOWS\SYSTEM32\urlmon.dll
0x00007ffd194d0000 - 0x00007ffd19776000 	C:\WINDOWS\SYSTEM32\iertutil.dll
0x00007ffd24bd0000 - 0x00007ffd24bdc000 	C:\WINDOWS\SYSTEM32\CRYPTBASE.DLL
0x00007ffd24a50000 - 0x00007ffd24ab7000 	C:\WINDOWS\system32\mswsock.dll
0x00007ffd21f10000 - 0x00007ffd21f1d000 	C:\Program Files\Java\jdk1.8.0_201\jre\bin\management.dll
0x00007ffcfdf50000 - 0x00007ffcfdf66000 	C:\WINDOWS\system32\napinsp.dll
0x00007ffcfdf30000 - 0x00007ffcfdf4a000 	C:\WINDOWS\system32\pnrpnsp.dll
0x00007ffd247b0000 - 0x00007ffd2487b000 	C:\WINDOWS\SYSTEM32\DNSAPI.dll
0x00007ffd26430000 - 0x00007ffd26438000 	C:\WINDOWS\System32\NSI.dll
0x00007ffd24770000 - 0x00007ffd247aa000 	C:\WINDOWS\SYSTEM32\IPHLPAPI.DLL
0x00007ffcfdf20000 - 0x00007ffcfdf2e000 	C:\WINDOWS\System32\winrnr.dll
0x00007ffd21e40000 - 0x00007ffd21e5c000 	C:\WINDOWS\system32\NLAapi.dll
0x00007ffd19220000 - 0x00007ffd19235000 	C:\WINDOWS\system32\wshbth.dll
0x00007ffd1cb40000 - 0x00007ffd1cb4a000 	C:\Windows\System32\rasadhlp.dll
0x00007ffd1fb80000 - 0x00007ffd1fbf7000 	C:\WINDOWS\System32\fwpuclnt.dll
0x00007ffd26300000 - 0x00007ffd26326000 	C:\WINDOWS\System32\bcrypt.dll
0x00007ffd0e850000 - 0x00007ffd0e861000 	C:\Program Files\Java\jdk1.8.0_201\jre\bin\nio.dll
0x00007ffd245d0000 - 0x00007ffd24603000 	C:\WINDOWS\system32\rsaenh.dll
0x00007ffd25120000 - 0x00007ffd25145000 	C:\WINDOWS\SYSTEM32\USERENV.dll
0x00007ffd1ff80000 - 0x00007ffd1ff96000 	C:\WINDOWS\SYSTEM32\dhcpcsvc6.DLL
0x00007ffd1ff60000 - 0x00007ffd1ff7c000 	C:\WINDOWS\SYSTEM32\dhcpcsvc.DLL

VM Arguments:
jvm_args: -javaagent:C:\Program Files\JetBrains\IntelliJ IDEA Community Edition 2019.3.3\lib\idea_rt.jar=5326:C:\Program Files\JetBrains\IntelliJ IDEA Community Edition 2019.3.3\bin -Dfile.encoding=UTF-8 
java_command: me.hanum.springsecurity02.Springsecurity02Application
java_class_path (initial): C:\Program Files\Java\jdk1.8.0_201\jre\lib\charsets.jar;C:\Program Files\Java\jdk1.8.0_201\jre\lib\deploy.jar;C:\Program Files\Java\jdk1.8.0_201\jre\lib\ext\access-bridge-64.jar;C:\Program Files\Java\jdk1.8.0_201\jre\lib\ext\cldrdata.jar;C:\Program Files\Java\jdk1.8.0_201\jre\lib\ext\dnsns.jar;C:\Program Files\Java\jdk1.8.0_201\jre\lib\ext\jaccess.jar;C:\Program Files\Java\jdk1.8.0_201\jre\lib\ext\jfxrt.jar;C:\Program Files\Java\jdk1.8.0_201\jre\lib\ext\localedata.jar;C:\Program Files\Java\jdk1.8.0_201\jre\lib\ext\nashorn.jar;C:\Program Files\Java\jdk1.8.0_201\jre\lib\ext\sunec.jar;C:\Program Files\Java\jdk1.8.0_201\jre\lib\ext\sunjce_provider.jar;C:\Program Files\Java\jdk1.8.0_201\jre\lib\ext\sunmscapi.jar;C:\Program Files\Java\jdk1.8.0_201\jre\lib\ext\sunpkcs11.jar;C:\Program Files\Java\jdk1.8.0_201\jre\lib\ext\zipfs.jar;C:\Program Files\Java\jdk1.8.0_201\jre\lib\javaws.jar;C:\Program Files\Java\jdk1.8.0_201\jre\lib\jce.jar;C:\Program Files\Java\jdk1.8.0_201\jre\lib\jfr.jar;C:\Program Files\Java\jdk1.8.0_201\jre\lib\jfxswt.jar;C:\Program Files\Java\jdk1.8.0_201\jre\lib\jsse.jar;C:\Program Files\Java\jdk1.8.0_201\jre\lib\management-agent.jar;C:\Program Files\Java\jdk1.8.0_201\jre\lib\plugin.jar;C:\Program Files\Java\jdk1.8.0_201\jre\lib\resources.jar;C:\Program Files\Java\jdk1.8.0_201\jre\lib\rt.jar;C:\dev\github project\spring.boot.study\projects\springsecurity02\target\classes;C:\Users\User\.m2\repository\org\springframework\boot\spring-boot-starter-web\2.3.2.RELEASE\spring-boot-starter-web-2.3.2.RELEASE.jar;C:\Users\User\.m2\repository\org\springframework\boot\spring-boot-starter\2.3.2.RELEASE\spring-boot-starter-2.3.2.RELEASE.jar;C:\Users\User\.m2\repository\org\springframework\boot\spring-boot\2.3.2.RELEASE\spring-boot-2.3.2.RELEASE.jar;C:\Users\User\.m2\repository\org\springframework\boot\spring-boot-autoconfigure\2.3.2.RELEASE\spring-boot-autoconfigure-2.3.2.RELEASE.jar;C:\Users\User\.m2\repository\org\springframework\boot\spring
Launcher Type: SUN_STANDARD

Environment Variables:
JAVA_HOME=C:\Program Files\Java\jdk1.8.0_201
PATH=C:\Program Files (x86)\Common Files\NetSarang;C:\Program Files (x86)\Common Files\Oracle\Java\javapath;C:\oraclexe\app\oracle\product\11.2.0\server\bin;C:\ProgramData\Oracle\Java\javapath;C:\WINDOWS\system32;C:\WINDOWS;C:\WINDOWS\System32\Wbem;C:\WINDOWS\System32\WindowsPowerShell\v1.0\;C:\Program Files (x86)\Windows Live\Shared;C:\Program Files\Git\cmd;C:\msys64\mingw64\bin;C:\msys64\usr\bin;C:\WINDOWS\System32\OpenSSH\;C:\Program Files\MATLAB\R2018b\bin;C:\Program Files\MATLAB\R2018a\bin;C:\Program Files\VisualSVN Server\bin;C:\Program Files\TortoiseSVN\bin;C:\Program Files (x86)\NVIDIA Corporation\PhysX\Common;C:\Program Files\NVIDIA Corporation\NVIDIA NvDLISR;C:\Program Files\PuTTY\;C:\Program Files\Docker\Docker\resources\bin;C:\ProgramData\DockerDesktop\version-bin;C:\Users\User\Anaconda3;C:\Users\User\Anaconda3\Library\mingw-w64\bin;C:\Users\User\Anaconda3\Library\usr\bin;C:\Users\User\Anaconda3\Library\bin;C:\Users\User\Anaconda3\Scripts;C:\Users\User\AppData\Local\Microsoft\WindowsApps;C:\Users\User\AppData\Local\atom\bin;%USERPROFILE%\AppData\Local\Microsoft\WindowsApps;
USERNAME=User
DISPLAY=:0
OS=Windows_NT
PROCESSOR_IDENTIFIER=Intel64 Family 6 Model 158 Stepping 9, GenuineIntel



---------------  S Y S T E M  ---------------

OS: Windows 10.0 , 64 bit Build 18362 (10.0.18362.959)

CPU:total 8 (initial active 8) (4 cores per cpu, 2 threads per core) family 6 model 158 stepping 9, cmov, cx8, fxsr, mmx, sse, sse2, sse3, ssse3, sse4.1, sse4.2, popcnt, avx, avx2, aes, clmul, erms, rtm, 3dnowpref, lzcnt, ht, tsc, tscinvbit, bmi1, bmi2, adx

Memory: 4k page, physical 16734736k(2978980k free), swap 16734736k(6600k free)

vm_info: Java HotSpot(TM) 64-Bit Server VM (25.201-b09) for windows-amd64 JRE (1.8.0_201-b09), built on Dec 15 2018 18:36:39 by "java_re" with MS VC++ 10.0 (VS2010)

time: Sun Aug 02 10:30:30 2020
timezone: 대한민국 표준시
elapsed time: 36 seconds (0d 0h 0m 36s)

