#
# There is insufficient memory for the Java Runtime Environment to continue.
# Native memory allocation (malloc) failed to allocate 1329056 bytes for Chunk::new
# Possible reasons:
#   The system is out of physical RAM or swap space
#   The process is running with CompressedOops enabled, and the Java Heap may be blocking the growth of the native heap
# Possible solutions:
#   Reduce memory load on the system
#   Increase physical memory or swap space
#   Check if swap backing store is full
#   Decrease Java heap size (-Xmx/-Xms)
#   Decrease number of Java threads
#   Decrease Java thread stack sizes (-Xss)
#   Set larger code cache with -XX:ReservedCodeCacheSize=
#   JVM is running with Zero Based Compressed Oops mode in which the Java heap is
#     placed in the first 32GB address space. The Java Heap base address is the
#     maximum limit for the native heap growth. Please use -XX:HeapBaseMinAddress
#     to set the Java Heap base and to place the Java Heap above 32GB virtual address.
# This output file may be truncated or incomplete.
#
#  Out of Memory Error (allocation.cpp:390), pid=127756, tid=0x00000000000202f4
#
# JRE version: Java(TM) SE Runtime Environment (8.0_201-b09) (build 1.8.0_201-b09)
# Java VM: Java HotSpot(TM) 64-Bit Server VM (25.201-b09 mixed mode windows-amd64 compressed oops)
# Failed to write core dump. Minidumps are not enabled by default on client versions of Windows
#

---------------  T H R E A D  ---------------

Current thread (0x000000001ef09000):  JavaThread "C2 CompilerThread2" daemon [_thread_in_native, id=131828, stack(0x000000001f9c0000,0x000000001fac0000)]

Stack: [0x000000001f9c0000,0x000000001fac0000]
[error occurred during error reporting (printing stack bounds), id 0xc0000005]

Native frames: (J=compiled Java code, j=interpreted, Vv=VM code, C=native code)


Current CompileTask:
C2:  15194 4135       4       java.net.URLClassLoader$1::run (5 bytes)


---------------  P R O C E S S  ---------------

Java Threads: ( => current thread )
  0x000000001e8a8800 JavaThread "DestroyJavaVM" [_thread_blocked, id=131256, stack(0x0000000002a00000,0x0000000002b00000)]
  0x000000001e8a9800 JavaThread "task-2" [_thread_blocked, id=131632, stack(0x0000000028800000,0x0000000028900000)]
  0x000000001e8af800 JavaThread "http-nio-8080-Acceptor" daemon [_thread_in_native, id=131268, stack(0x0000000028500000,0x0000000028600000)]
  0x000000001e8ae800 JavaThread "http-nio-8080-ClientPoller" daemon [_thread_in_native, id=131232, stack(0x0000000028400000,0x0000000028500000)]
  0x000000001e8ab800 JavaThread "http-nio-8080-exec-10" daemon [_thread_blocked, id=126376, stack(0x0000000028300000,0x0000000028400000)]
  0x000000001e8a7000 JavaThread "http-nio-8080-exec-9" daemon [_thread_blocked, id=131228, stack(0x0000000028200000,0x0000000028300000)]
  0x000000001e8ae000 JavaThread "http-nio-8080-exec-8" daemon [_thread_blocked, id=126364, stack(0x0000000028100000,0x0000000028200000)]
  0x000000001e8ad000 JavaThread "http-nio-8080-exec-7" daemon [_thread_in_vm, id=130208, stack(0x0000000028000000,0x0000000028100000)]
  0x000000001e8ac800 JavaThread "http-nio-8080-exec-6" daemon [_thread_blocked, id=131276, stack(0x0000000027f00000,0x0000000028000000)]
  0x000000001e8a8000 JavaThread "http-nio-8080-exec-5" daemon [_thread_blocked, id=131284, stack(0x0000000027e00000,0x0000000027f00000)]
  0x000000001e8ab000 JavaThread "http-nio-8080-exec-4" daemon [_thread_blocked, id=132056, stack(0x0000000027d00000,0x0000000027e00000)]
  0x0000000020df7000 JavaThread "http-nio-8080-exec-3" daemon [_thread_blocked, id=114280, stack(0x0000000027b00000,0x0000000027c00000)]
  0x0000000020dfb000 JavaThread "http-nio-8080-exec-2" daemon [_thread_blocked, id=127960, stack(0x0000000027550000,0x0000000027650000)]
  0x0000000020dfa000 JavaThread "http-nio-8080-exec-1" daemon [_thread_blocked, id=131896, stack(0x0000000026fb0000,0x00000000270b0000)]
  0x0000000020df8800 JavaThread "http-nio-8080-BlockPoller" daemon [_thread_in_native, id=131900, stack(0x0000000025970000,0x0000000025a70000)]
  0x0000000020dfb800 JavaThread "task-1" [_thread_blocked, id=129112, stack(0x0000000025770000,0x0000000025870000)]
  0x0000000020df8000 JavaThread "HikariPool-1 housekeeper" daemon [_thread_blocked, id=130336, stack(0x0000000025ce0000,0x0000000025de0000)]
  0x0000000020df5000 JavaThread "container-0" [_thread_blocked, id=129288, stack(0x0000000024230000,0x0000000024330000)]
  0x0000000020df9800 JavaThread "Catalina-utility-2" [_thread_blocked, id=130412, stack(0x0000000024130000,0x0000000024230000)]
  0x0000000020df6800 JavaThread "Catalina-utility-1" [_thread_blocked, id=131316, stack(0x0000000021890000,0x0000000021990000)]
  0x000000001ef9e800 JavaThread "Service Thread" daemon [_thread_blocked, id=130796, stack(0x000000001fbc0000,0x000000001fcc0000)]
  0x000000001ea2e000 JavaThread "C1 CompilerThread3" daemon [_thread_blocked, id=128052, stack(0x000000001fac0000,0x000000001fbc0000)]
=>0x000000001ef09000 JavaThread "C2 CompilerThread2" daemon [_thread_in_native, id=131828, stack(0x000000001f9c0000,0x000000001fac0000)]
  0x000000001eefc000 JavaThread "C2 CompilerThread1" daemon [_thread_in_native, id=131784, stack(0x000000001f8c0000,0x000000001f9c0000)]
  0x000000001eef8800 JavaThread "C2 CompilerThread0" daemon [_thread_in_native, id=126140, stack(0x000000001f7c0000,0x000000001f8c0000)]
  0x000000001ea1a800 JavaThread "Monitor Ctrl-Break" daemon [_thread_in_native, id=92184, stack(0x000000001f6c0000,0x000000001f7c0000)]
  0x000000001c85b000 JavaThread "Attach Listener" daemon [_thread_blocked, id=131092, stack(0x000000001edc0000,0x000000001eec0000)]
  0x000000001e675000 JavaThread "Signal Dispatcher" daemon [_thread_blocked, id=127220, stack(0x000000001ecc0000,0x000000001edc0000)]
  0x0000000002d8c800 JavaThread "Finalizer" daemon [_thread_blocked, id=132012, stack(0x000000001eb30000,0x000000001ec30000)]
  0x000000001e650800 JavaThread "Reference Handler" daemon [_thread_blocked, id=131160, stack(0x000000001ea30000,0x000000001eb30000)]

Other Threads:
  0x000000001c84a000 VMThread [stack: 0x000000001e530000,0x000000001e630000] [id=131908]
  0x000000001f02c000 WatcherThread [stack: 0x000000001fcc0000,0x000000001fdc0000] [id=132044]

VM state:not at safepoint (normal execution)

VM Mutex/Monitor currently owned by a thread: None

heap address: 0x00000006c0a00000, size: 4086 MB, Compressed Oops mode: Zero based, Oop shift amount: 3
Narrow klass base: 0x0000000000000000, Narrow klass shift: 3
Compressed class space size: 1073741824 Address: 0x00000007c0000000

Heap:
 PSYoungGen      total 205312K, used 14348K [0x000000076ae00000, 0x000000077b200000, 0x00000007c0000000)
  eden space 190464K, 7% used [0x000000076ae00000,0x000000076bc03188,0x0000000776800000)
  from space 14848K, 0% used [0x0000000776800000,0x0000000776800000,0x0000000777680000)
  to   space 14336K, 0% used [0x000000077a400000,0x000000077a400000,0x000000077b200000)
 ParOldGen       total 226304K, used 18332K [0x00000006c0a00000, 0x00000006ce700000, 0x000000076ae00000)
  object space 226304K, 8% used [0x00000006c0a00000,0x00000006c1be7070,0x00000006ce700000)
 Metaspace       used 57487K, capacity 60373K, committed 60672K, reserved 1101824K
  class space    used 7862K, capacity 8323K, committed 8448K, reserved 1048576K

Card table byte_map: [0x0000000012150000,0x0000000012950000] byte_map_base: 0x000000000eb4b000

Marking Bits: (ParMarkBitMap*) 0x000000006d054ce0
 Begin Bits: [0x00000000136b0000, 0x0000000017688000)
 End Bits:   [0x0000000017688000, 0x000000001b660000)

Polling page: 0x00000000008e0000

CodeCache: size=245760Kb used=12873Kb max_used=13161Kb free=232886Kb
 bounds [0x0000000002d90000, 0x0000000003b40000, 0x0000000011d90000]
 total_blobs=4069 nmethods=3526 adapters=455
 compilation: enabled

Compilation events (10 events):
Event: 15.094 Thread 0x000000001ef09000 4133       4       java.lang.String::equalsIgnoreCase (48 bytes)
Event: 15.094 Thread 0x000000001ea2e000 4132       1       antlr.BaseAST::getFirstChild (5 bytes)
Event: 15.094 Thread 0x000000001ea2e000 nmethod 4132 0x0000000003425310 code [0x0000000003425460, 0x0000000003425570]
Event: 15.099 Thread 0x000000001ef09000 nmethod 4133 0x000000000393de50 code [0x000000000393dfe0, 0x000000000393e7d8]
Event: 15.101 Thread 0x000000001eefc000 4134   !   4       java.net.URL::<init> (543 bytes)
Event: 15.102 Thread 0x000000001ef09000 4135       4       java.net.URLClassLoader$1::run (5 bytes)
Event: 15.111 Thread 0x000000001ea2e000 4138       2       java.lang.String::regionMatches (149 bytes)
Event: 15.111 Thread 0x000000001ea2e000 nmethod 4138 0x000000000303ced0 code [0x000000000303d0c0, 0x000000000303d5f8]
Event: 15.141 Thread 0x000000001ea2e000 4140       1       antlr.CommonAST::getType (5 bytes)
Event: 15.141 Thread 0x000000001ea2e000 nmethod 4140 0x0000000003979150 code [0x00000000039792a0, 0x00000000039793b0]

GC Heap History (10 events):
Event: 3.880 GC heap before
{Heap before GC invocations=8 (full 2):
 PSYoungGen      total 139776K, used 7393K [0x000000076ae00000, 0x0000000777c80000, 0x00000007c0000000)
  eden space 129536K, 0% used [0x000000076ae00000,0x000000076ae00000,0x0000000772c80000)
  from space 10240K, 72% used [0x0000000773680000,0x0000000773db87d0,0x0000000774080000)
  to   space 10240K, 0% used [0x0000000772c80000,0x0000000772c80000,0x0000000773680000)
 ParOldGen       total 110592K, used 7686K [0x00000006c0a00000, 0x00000006c7600000, 0x000000076ae00000)
  object space 110592K, 6% used [0x00000006c0a00000,0x00000006c1181940,0x00000006c7600000)
 Metaspace       used 33598K, capacity 35359K, committed 35496K, reserved 1081344K
  class space    used 4255K, capacity 4554K, committed 4608K, reserved 1048576K
Event: 3.907 GC heap after
Heap after GC invocations=8 (full 2):
 PSYoungGen      total 139776K, used 0K [0x000000076ae00000, 0x0000000777c80000, 0x00000007c0000000)
  eden space 129536K, 0% used [0x000000076ae00000,0x000000076ae00000,0x0000000772c80000)
  from space 10240K, 0% used [0x0000000773680000,0x0000000773680000,0x0000000774080000)
  to   space 10240K, 0% used [0x0000000772c80000,0x0000000772c80000,0x0000000773680000)
 ParOldGen       total 166400K, used 12756K [0x00000006c0a00000, 0x00000006cac80000, 0x000000076ae00000)
  object space 166400K, 7% used [0x00000006c0a00000,0x00000006c1675318,0x00000006cac80000)
 Metaspace       used 33598K, capacity 35359K, committed 35496K, reserved 1081344K
  class space    used 4255K, capacity 4554K, committed 4608K, reserved 1048576K
}
Event: 4.651 GC heap before
{Heap before GC invocations=9 (full 2):
 PSYoungGen      total 139776K, used 129536K [0x000000076ae00000, 0x0000000777c80000, 0x00000007c0000000)
  eden space 129536K, 100% used [0x000000076ae00000,0x0000000772c80000,0x0000000772c80000)
  from space 10240K, 0% used [0x0000000773680000,0x0000000773680000,0x0000000774080000)
  to   space 10240K, 0% used [0x0000000772c80000,0x0000000772c80000,0x0000000773680000)
 ParOldGen       total 166400K, used 12756K [0x00000006c0a00000, 0x00000006cac80000, 0x000000076ae00000)
  object space 166400K, 7% used [0x00000006c0a00000,0x00000006c1675318,0x00000006cac80000)
 Metaspace       used 43749K, capacity 45889K, committed 46208K, reserved 1089536K
  class space    used 5836K, capacity 6201K, committed 6272K, reserved 1048576K
Event: 4.659 GC heap after
Heap after GC invocations=9 (full 2):
 PSYoungGen      total 139776K, used 10221K [0x000000076ae00000, 0x0000000778280000, 0x00000007c0000000)
  eden space 129536K, 0% used [0x000000076ae00000,0x000000076ae00000,0x0000000772c80000)
  from space 10240K, 99% used [0x0000000772c80000,0x000000077367b640,0x0000000773680000)
  to   space 12288K, 0% used [0x0000000777680000,0x0000000777680000,0x0000000778280000)
 ParOldGen       total 166400K, used 15496K [0x00000006c0a00000, 0x00000006cac80000, 0x000000076ae00000)
  object space 166400K, 9% used [0x00000006c0a00000,0x00000006c1922038,0x00000006cac80000)
 Metaspace       used 43749K, capacity 45889K, committed 46208K, reserved 1089536K
  class space    used 5836K, capacity 6201K, committed 6272K, reserved 1048576K
}
Event: 5.798 GC heap before
{Heap before GC invocations=10 (full 2):
 PSYoungGen      total 139776K, used 139757K [0x000000076ae00000, 0x0000000778280000, 0x00000007c0000000)
  eden space 129536K, 100% used [0x000000076ae00000,0x0000000772c80000,0x0000000772c80000)
  from space 10240K, 99% used [0x0000000772c80000,0x000000077367b640,0x0000000773680000)
  to   space 12288K, 0% used [0x0000000777680000,0x0000000777680000,0x0000000778280000)
 ParOldGen       total 166400K, used 15496K [0x00000006c0a00000, 0x00000006cac80000, 0x000000076ae00000)
  object space 166400K, 9% used [0x00000006c0a00000,0x00000006c1922038,0x00000006cac80000)
 Metaspace       used 54297K, capacity 57149K, committed 57472K, reserved 1099776K
  class space    used 7455K, capacity 7943K, committed 8064K, reserved 1048576K
Event: 5.809 GC heap after
Heap after GC invocations=10 (full 2):
 PSYoungGen      total 202752K, used 12287K [0x000000076ae00000, 0x0000000778580000, 0x00000007c0000000)
  eden space 190464K, 0% used [0x000000076ae00000,0x000000076ae00000,0x0000000776800000)
  from space 12288K, 99% used [0x0000000777680000,0x000000077827ffc8,0x0000000778280000)
  to   space 14848K, 0% used [0x0000000776800000,0x0000000776800000,0x0000000777680000)
 ParOldGen       total 166400K, used 18369K [0x00000006c0a00000, 0x00000006cac80000, 0x000000076ae00000)
  object space 166400K, 11% used [0x00000006c0a00000,0x00000006c1bf07e0,0x00000006cac80000)
 Metaspace       used 54297K, capacity 57149K, committed 57472K, reserved 1099776K
  class space    used 7455K, capacity 7943K, committed 8064K, reserved 1048576K
}
Event: 14.951 GC heap before
{Heap before GC invocations=11 (full 2):
 PSYoungGen      total 202752K, used 36329K [0x000000076ae00000, 0x0000000778580000, 0x00000007c0000000)
  eden space 190464K, 12% used [0x000000076ae00000,0x000000076c57a5f0,0x0000000776800000)
  from space 12288K, 99% used [0x0000000777680000,0x000000077827ffc8,0x0000000778280000)
  to   space 14848K, 0% used [0x0000000776800000,0x0000000776800000,0x0000000777680000)
 ParOldGen       total 166400K, used 18369K [0x00000006c0a00000, 0x00000006cac80000, 0x000000076ae00000)
  object space 166400K, 11% used [0x00000006c0a00000,0x00000006c1bf07e0,0x00000006cac80000)
 Metaspace       used 56299K, capacity 59131K, committed 59136K, reserved 1099776K
  class space    used 7720K, capacity 8190K, committed 8192K, reserved 1048576K
Event: 14.958 GC heap after
Heap after GC invocations=11 (full 2):
 PSYoungGen      total 205312K, used 8821K [0x000000076ae00000, 0x000000077b200000, 0x00000007c0000000)
  eden space 190464K, 0% used [0x000000076ae00000,0x000000076ae00000,0x0000000776800000)
  from space 14848K, 59% used [0x0000000776800000,0x000000077709d7b8,0x0000000777680000)
  to   space 14336K, 0% used [0x000000077a400000,0x000000077a400000,0x000000077b200000)
 ParOldGen       total 166400K, used 18377K [0x00000006c0a00000, 0x00000006cac80000, 0x000000076ae00000)
  object space 166400K, 11% used [0x00000006c0a00000,0x00000006c1bf27e0,0x00000006cac80000)
 Metaspace       used 56299K, capacity 59131K, committed 59136K, reserved 1099776K
  class space    used 7720K, capacity 8190K, committed 8192K, reserved 1048576K
}
Event: 14.958 GC heap before
{Heap before GC invocations=12 (full 3):
 PSYoungGen      total 205312K, used 8821K [0x000000076ae00000, 0x000000077b200000, 0x00000007c0000000)
  eden space 190464K, 0% used [0x000000076ae00000,0x000000076ae00000,0x0000000776800000)
  from space 14848K, 59% used [0x0000000776800000,0x000000077709d7b8,0x0000000777680000)
  to   space 14336K, 0% used [0x000000077a400000,0x000000077a400000,0x000000077b200000)
 ParOldGen       total 166400K, used 18377K [0x00000006c0a00000, 0x00000006cac80000, 0x000000076ae00000)
  object space 166400K, 11% used [0x00000006c0a00000,0x00000006c1bf27e0,0x00000006cac80000)
 Metaspace       used 56299K, capacity 59131K, committed 59136K, reserved 1099776K
  class space    used 7720K, capacity 8190K, committed 8192K, reserved 1048576K
Event: 15.054 GC heap after
Heap after GC invocations=12 (full 3):
 PSYoungGen      total 205312K, used 0K [0x000000076ae00000, 0x000000077b200000, 0x00000007c0000000)
  eden space 190464K, 0% used [0x000000076ae00000,0x000000076ae00000,0x0000000776800000)
  from space 14848K, 0% used [0x0000000776800000,0x0000000776800000,0x0000000777680000)
  to   space 14336K, 0% used [0x000000077a400000,0x000000077a400000,0x000000077b200000)
 ParOldGen       total 226304K, used 18332K [0x00000006c0a00000, 0x00000006ce700000, 0x000000076ae00000)
  object space 226304K, 8% used [0x00000006c0a00000,0x00000006c1be7070,0x00000006ce700000)
 Metaspace       used 56299K, capacity 59131K, committed 59136K, reserved 1099776K
  class space    used 7720K, capacity 8190K, committed 8192K, reserved 1048576K
}

Deoptimization events (10 events):
Event: 5.579 Thread 0x0000000002c97000 Uncommon trap: reason=unstable_if action=reinterpret pc=0x00000000036e5848 method=org.springframework.util.ConcurrentReferenceHashMap$Segment.restructureIfNecessary(Z)V @ 41
Event: 5.595 Thread 0x0000000002c97000 Uncommon trap: reason=unstable_if action=reinterpret pc=0x0000000003208a44 method=org.springframework.util.ConcurrentReferenceHashMap$Segment.restructureIfNecessary(Z)V @ 41
Event: 5.755 Thread 0x000000001e8a9800 Uncommon trap: reason=unstable_if action=reinterpret pc=0x000000000376439c method=java.lang.ThreadLocal$ThreadLocalMap.getEntry(Ljava/lang/ThreadLocal;)Ljava/lang/ThreadLocal$ThreadLocalMap$Entry; @ 29
Event: 9.641 Thread 0x0000000020df7000 Uncommon trap: reason=unstable_if action=reinterpret pc=0x00000000037676e8 method=java.nio.Buffer.<init>(IIII)V @ 66
Event: 9.665 Thread 0x0000000020df7000 Uncommon trap: reason=unstable_if action=reinterpret pc=0x0000000003536d5c method=java.util.Properties$LineReader.readLine()I @ 105
Event: 9.665 Thread 0x0000000020df7000 Uncommon trap: reason=unstable_if action=reinterpret pc=0x0000000002ee0a24 method=java.util.Properties$LineReader.readLine()I @ 105
Event: 9.666 Thread 0x0000000020df7000 Uncommon trap: reason=unstable_if action=reinterpret pc=0x00000000036e721c method=java.util.Properties.load0(Ljava/util/Properties$LineReader;)V @ 80
Event: 9.666 Thread 0x0000000020df7000 Uncommon trap: reason=unstable_if action=reinterpret pc=0x0000000003627840 method=java.util.Properties.load0(Ljava/util/Properties$LineReader;)V @ 80
Event: 15.054 Thread 0x000000001e650800 Uncommon trap: reason=unstable_if action=reinterpret pc=0x00000000036a6e70 method=java.lang.ref.Reference.tryHandlePending(Z)Z @ 20
Event: 15.089 Thread 0x000000001e8ad000 Uncommon trap: reason=unstable_if action=reinterpret pc=0x0000000002e9e400 method=java.lang.CharacterData.of(I)Ljava/lang/CharacterData; @ 4

Classes redefined (0 events):
No events

Internal exceptions (10 events):
Event: 5.589 Thread 0x0000000002c97000 Exception <a 'java/lang/NoSuchMethodError': java.lang.Object.empty()Ljava/util/stream/Stream;> (0x00000007717a4b98) thrown at [C:\re\workspace\8-2-build-windows-amd64-cygwin\jdk8u201\12322\hotspot\src\share\vm\interpreter\linkResolver.cpp, line 620]
Event: 5.591 Thread 0x0000000002c97000 Exception <a 'java/lang/NoSuchMethodError': java.lang.Object.fromNullable(Ljava/lang/Object;)Ljava/util/stream/Stream;> (0x00000007717b4b48) thrown at [C:\re\workspace\8-2-build-windows-amd64-cygwin\jdk8u201\12322\hotspot\src\share\vm\interpreter\linkReso
Event: 5.604 Thread 0x0000000002c97000 Exception <a 'java/lang/NoSuchMethodError': java.lang.Object.lambda$direct$0(Lorg/springframework/data/repository/core/support/MethodLookup$InvokedMethod;Ljava/lang/reflect/Method;)Z> (0x000000077189dc10) thrown at [C:\re\workspace\8-2-build-windows-amd64
Event: 5.604 Thread 0x0000000002c97000 Exception <a 'java/lang/NoSuchMethodError': java.lang.Object.lambda$direct$1(Lorg/springframework/data/repository/core/support/MethodLookup$MethodPredicate;)Ljava/util/List;> (0x00000007718a0dd8) thrown at [C:\re\workspace\8-2-build-windows-amd64-cygwin\j
Event: 5.606 Thread 0x0000000002c97000 Exception <a 'java/lang/NoSuchMethodError': java.lang.Object.lambda$and$0(Lorg/springframework/data/repository/core/support/MethodLookup;)Ljava/util/List;> (0x00000007718c2f30) thrown at [C:\re\workspace\8-2-build-windows-amd64-cygwin\jdk8u201\12322\hotsp
Event: 5.612 Thread 0x0000000002c97000 Exception <a 'java/lang/IncompatibleClassChangeError': Found class java.lang.Object, but interface was expected> (0x0000000771985a28) thrown at [C:\re\workspace\8-2-build-windows-amd64-cygwin\jdk8u201\12322\hotspot\src\share\vm\interpreter\linkResolver.cp
Event: 5.690 Thread 0x0000000002c97000 Exception <a 'java/lang/reflect/InvocationTargetException'> (0x00000007723ad338) thrown at [C:\re\workspace\8-2-build-windows-amd64-cygwin\jdk8u201\12322\hotspot\src\share\vm\runtime\reflection.cpp, line 1092]
Event: 5.706 Thread 0x0000000002c97000 Exception <a 'java/lang/IncompatibleClassChangeError': Found class java.lang.Object, but interface was expected> (0x00000007725152e8) thrown at [C:\re\workspace\8-2-build-windows-amd64-cygwin\jdk8u201\12322\hotspot\src\share\vm\interpreter\linkResolver.cp
Event: 5.891 Thread 0x0000000002c97000 Exception <a 'java/lang/ClassNotFoundException': java/lang/ObjectCustomizer> (0x000000076b1a9fe8) thrown at [C:\re\workspace\8-2-build-windows-amd64-cygwin\jdk8u201\12322\hotspot\src\share\vm\classfile\systemDictionary.cpp, line 210]
Event: 5.891 Thread 0x0000000002c97000 Exception <a 'java/lang/ClassNotFoundException': me/hanum/springsecurity02/account/AccountCustomizer> (0x000000076b1c3838) thrown at [C:\re\workspace\8-2-build-windows-amd64-cygwin\jdk8u201\12322\hotspot\src\share\vm\classfile\systemDictionary.cpp, line 2

Events (10 events):
Event: 15.167 loading class org/hibernate/query/criteria/internal/compile/CriteriaQueryTypeQueryAdapter
Event: 15.167 loading class org/hibernate/query/criteria/internal/compile/CriteriaQueryTypeQueryAdapter done
Event: 15.170 loading class org/springframework/orm/jpa/SharedEntityManagerCreator$SharedEntityManagerInvocationHandler
Event: 15.170 loading class org/springframework/orm/jpa/SharedEntityManagerCreator$SharedEntityManagerInvocationHandler done
Event: 15.171 loading class org/springframework/orm/jpa/SharedEntityManagerCreator$DeferredQueryInvocationHandler
Event: 15.171 loading class org/springframework/orm/jpa/SharedEntityManagerCreator$DeferredQueryInvocationHandler done
Event: 15.172 loading class javax/persistence/TemporalType
Event: 15.172 loading class javax/persistence/TemporalType done
Event: 15.173 loading class org/hibernate/ScrollMode
Event: 15.173 loading class org/hibernate/ScrollMode done


Dynamic libraries:
0x00007ff7d9a10000 - 0x00007ff7d9a47000 	C:\Program Files\Java\jdk1.8.0_201\bin\java.exe
0x00007ffd28380000 - 0x00007ffd28570000 	C:\WINDOWS\SYSTEM32\ntdll.dll
0x00007ffd26610000 - 0x00007ffd266c2000 	C:\WINDOWS\System32\KERNEL32.DLL
0x00007ffd25300000 - 0x00007ffd255a4000 	C:\WINDOWS\System32\KERNELBASE.dll
0x00007ffd28040000 - 0x00007ffd280e3000 	C:\WINDOWS\System32\ADVAPI32.dll
0x00007ffd27570000 - 0x00007ffd2760e000 	C:\WINDOWS\System32\msvcrt.dll
0x00007ffd28290000 - 0x00007ffd28327000 	C:\WINDOWS\System32\sechost.dll
0x00007ffd26b40000 - 0x00007ffd26c60000 	C:\WINDOWS\System32\RPCRT4.dll
0x00007ffd27ea0000 - 0x00007ffd28034000 	C:\WINDOWS\System32\USER32.dll
0x00007ffd25700000 - 0x00007ffd25721000 	C:\WINDOWS\System32\win32u.dll
0x00007ffd276a0000 - 0x00007ffd276c6000 	C:\WINDOWS\System32\GDI32.dll
0x00007ffd26160000 - 0x00007ffd262f6000 	C:\WINDOWS\System32\gdi32full.dll
0x00007ffd26330000 - 0x00007ffd263ce000 	C:\WINDOWS\System32\msvcp_win.dll
0x00007ffd25730000 - 0x00007ffd2582a000 	C:\WINDOWS\System32\ucrtbase.dll
0x00007ffd19c80000 - 0x00007ffd19f04000 	C:\WINDOWS\WinSxS\amd64_microsoft.windows.common-controls_6595b64144ccf1df_6.0.18362.959_none_e6c7bbbf130c62bb\COMCTL32.dll
0x00007ffd26800000 - 0x00007ffd26b35000 	C:\WINDOWS\System32\combase.dll
0x00007ffd25930000 - 0x00007ffd259b0000 	C:\WINDOWS\System32\bcryptPrimitives.dll
0x00007ffd27670000 - 0x00007ffd2769e000 	C:\WINDOWS\System32\IMM32.DLL
0x000000006d780000 - 0x000000006d851000 	C:\Program Files\Java\jdk1.8.0_201\jre\bin\msvcr100.dll
0x000000006c830000 - 0x000000006d0d4000 	C:\Program Files\Java\jdk1.8.0_201\jre\bin\server\jvm.dll
0x00007ffd28330000 - 0x00007ffd28338000 	C:\WINDOWS\System32\PSAPI.DLL
0x00007ffd21820000 - 0x00007ffd21844000 	C:\WINDOWS\SYSTEM32\WINMM.dll
0x00007ffd1f910000 - 0x00007ffd1f91a000 	C:\WINDOWS\SYSTEM32\VERSION.dll
0x00007ffd23100000 - 0x00007ffd23109000 	C:\WINDOWS\SYSTEM32\WSOCK32.dll
0x00007ffd27500000 - 0x00007ffd2756f000 	C:\WINDOWS\System32\WS2_32.dll
0x00007ffd217e0000 - 0x00007ffd2180d000 	C:\WINDOWS\SYSTEM32\WINMMBASE.dll
0x00007ffd258e0000 - 0x00007ffd2592a000 	C:\WINDOWS\System32\cfgmgr32.dll
0x00007ffd23160000 - 0x00007ffd2316f000 	C:\Program Files\Java\jdk1.8.0_201\jre\bin\verify.dll
0x00007ffd1a320000 - 0x00007ffd1a349000 	C:\Program Files\Java\jdk1.8.0_201\jre\bin\java.dll
0x00007ffd1a2d0000 - 0x00007ffd1a2f3000 	C:\Program Files\Java\jdk1.8.0_201\jre\bin\instrument.dll
0x00007ffd1a300000 - 0x00007ffd1a316000 	C:\Program Files\Java\jdk1.8.0_201\jre\bin\zip.dll
0x00007ffd277b0000 - 0x00007ffd27e96000 	C:\WINDOWS\System32\SHELL32.dll
0x00007ffd266d0000 - 0x00007ffd26779000 	C:\WINDOWS\System32\shcore.dll
0x00007ffd259d0000 - 0x00007ffd26152000 	C:\WINDOWS\System32\windows.storage.dll
0x00007ffd252b0000 - 0x00007ffd252d3000 	C:\WINDOWS\System32\profapi.dll
0x00007ffd25240000 - 0x00007ffd2528a000 	C:\WINDOWS\System32\powrprof.dll
0x00007ffd25230000 - 0x00007ffd25240000 	C:\WINDOWS\System32\UMPDC.dll
0x00007ffd276d0000 - 0x00007ffd27722000 	C:\WINDOWS\System32\shlwapi.dll
0x00007ffd25290000 - 0x00007ffd252a1000 	C:\WINDOWS\System32\kernel.appcore.dll
0x00007ffd259b0000 - 0x00007ffd259c7000 	C:\WINDOWS\System32\cryptsp.dll
0x00007ffd1a2b0000 - 0x00007ffd1a2ca000 	C:\Program Files\JetBrains\IntelliJ IDEA Community Edition 2019.3.3\bin\breakgen64.dll
0x00007ffd0e8a0000 - 0x00007ffd0e8ba000 	C:\Program Files\Java\jdk1.8.0_201\jre\bin\net.dll
0x00007ffd19780000 - 0x00007ffd19956000 	C:\WINDOWS\SYSTEM32\urlmon.dll
0x00007ffd194d0000 - 0x00007ffd19776000 	C:\WINDOWS\SYSTEM32\iertutil.dll
0x00007ffd24bd0000 - 0x00007ffd24bdc000 	C:\WINDOWS\SYSTEM32\CRYPTBASE.DLL
0x00007ffd24a50000 - 0x00007ffd24ab7000 	C:\WINDOWS\system32\mswsock.dll
0x00007ffd21f10000 - 0x00007ffd21f1d000 	C:\Program Files\Java\jdk1.8.0_201\jre\bin\management.dll
0x00007ffcfdf50000 - 0x00007ffcfdf66000 	C:\WINDOWS\system32\napinsp.dll
0x00007ffcfdf30000 - 0x00007ffcfdf4a000 	C:\WINDOWS\system32\pnrpnsp.dll
0x00007ffd247b0000 - 0x00007ffd2487b000 	C:\WINDOWS\SYSTEM32\DNSAPI.dll
0x00007ffd26430000 - 0x00007ffd26438000 	C:\WINDOWS\System32\NSI.dll
0x00007ffd24770000 - 0x00007ffd247aa000 	C:\WINDOWS\SYSTEM32\IPHLPAPI.DLL
0x00007ffcfdf20000 - 0x00007ffcfdf2e000 	C:\WINDOWS\System32\winrnr.dll
0x00007ffd21e40000 - 0x00007ffd21e5c000 	C:\WINDOWS\system32\NLAapi.dll
0x00007ffd19220000 - 0x00007ffd19235000 	C:\WINDOWS\system32\wshbth.dll
0x00007ffd1cb40000 - 0x00007ffd1cb4a000 	C:\Windows\System32\rasadhlp.dll
0x00007ffd1fb80000 - 0x00007ffd1fbf7000 	C:\WINDOWS\System32\fwpuclnt.dll
0x00007ffd26300000 - 0x00007ffd26326000 	C:\WINDOWS\System32\bcrypt.dll
0x00007ffd0e850000 - 0x00007ffd0e861000 	C:\Program Files\Java\jdk1.8.0_201\jre\bin\nio.dll
0x00007ffd245d0000 - 0x00007ffd24603000 	C:\WINDOWS\system32\rsaenh.dll
0x00007ffd25120000 - 0x00007ffd25145000 	C:\WINDOWS\SYSTEM32\USERENV.dll
0x00007ffd1ff80000 - 0x00007ffd1ff96000 	C:\WINDOWS\SYSTEM32\dhcpcsvc6.DLL
0x00007ffd1ff60000 - 0x00007ffd1ff7c000 	C:\WINDOWS\SYSTEM32\dhcpcsvc.DLL

VM Arguments:
jvm_args: -javaagent:C:\Program Files\JetBrains\IntelliJ IDEA Community Edition 2019.3.3\lib\idea_rt.jar=5293:C:\Program Files\JetBrains\IntelliJ IDEA Community Edition 2019.3.3\bin -Dfile.encoding=UTF-8 
java_command: me.hanum.springsecurity02.Springsecurity02Application
java_class_path (initial): C:\Program Files\Java\jdk1.8.0_201\jre\lib\charsets.jar;C:\Program Files\Java\jdk1.8.0_201\jre\lib\deploy.jar;C:\Program Files\Java\jdk1.8.0_201\jre\lib\ext\access-bridge-64.jar;C:\Program Files\Java\jdk1.8.0_201\jre\lib\ext\cldrdata.jar;C:\Program Files\Java\jdk1.8.0_201\jre\lib\ext\dnsns.jar;C:\Program Files\Java\jdk1.8.0_201\jre\lib\ext\jaccess.jar;C:\Program Files\Java\jdk1.8.0_201\jre\lib\ext\jfxrt.jar;C:\Program Files\Java\jdk1.8.0_201\jre\lib\ext\localedata.jar;C:\Program Files\Java\jdk1.8.0_201\jre\lib\ext\nashorn.jar;C:\Program Files\Java\jdk1.8.0_201\jre\lib\ext\sunec.jar;C:\Program Files\Java\jdk1.8.0_201\jre\lib\ext\sunjce_provider.jar;C:\Program Files\Java\jdk1.8.0_201\jre\lib\ext\sunmscapi.jar;C:\Program Files\Java\jdk1.8.0_201\jre\lib\ext\sunpkcs11.jar;C:\Program Files\Java\jdk1.8.0_201\jre\lib\ext\zipfs.jar;C:\Program Files\Java\jdk1.8.0_201\jre\lib\javaws.jar;C:\Program Files\Java\jdk1.8.0_201\jre\lib\jce.jar;C:\Program Files\Java\jdk1.8.0_201\jre\lib\jfr.jar;C:\Program Files\Java\jdk1.8.0_201\jre\lib\jfxswt.jar;C:\Program Files\Java\jdk1.8.0_201\jre\lib\jsse.jar;C:\Program Files\Java\jdk1.8.0_201\jre\lib\management-agent.jar;C:\Program Files\Java\jdk1.8.0_201\jre\lib\plugin.jar;C:\Program Files\Java\jdk1.8.0_201\jre\lib\resources.jar;C:\Program Files\Java\jdk1.8.0_201\jre\lib\rt.jar;C:\dev\github project\spring.boot.study\projects\springsecurity02\target\classes;C:\Users\User\.m2\repository\org\springframework\boot\spring-boot-starter-web\2.3.2.RELEASE\spring-boot-starter-web-2.3.2.RELEASE.jar;C:\Users\User\.m2\repository\org\springframework\boot\spring-boot-starter\2.3.2.RELEASE\spring-boot-starter-2.3.2.RELEASE.jar;C:\Users\User\.m2\repository\org\springframework\boot\spring-boot\2.3.2.RELEASE\spring-boot-2.3.2.RELEASE.jar;C:\Users\User\.m2\repository\org\springframework\boot\spring-boot-autoconfigure\2.3.2.RELEASE\spring-boot-autoconfigure-2.3.2.RELEASE.jar;C:\Users\User\.m2\repository\org\springframework\boot\spring
Launcher Type: SUN_STANDARD

Environment Variables:
JAVA_HOME=C:\Program Files\Java\jdk1.8.0_201
PATH=C:\Program Files (x86)\Common Files\NetSarang;C:\Program Files (x86)\Common Files\Oracle\Java\javapath;C:\oraclexe\app\oracle\product\11.2.0\server\bin;C:\ProgramData\Oracle\Java\javapath;C:\WINDOWS\system32;C:\WINDOWS;C:\WINDOWS\System32\Wbem;C:\WINDOWS\System32\WindowsPowerShell\v1.0\;C:\Program Files (x86)\Windows Live\Shared;C:\Program Files\Git\cmd;C:\msys64\mingw64\bin;C:\msys64\usr\bin;C:\WINDOWS\System32\OpenSSH\;C:\Program Files\MATLAB\R2018b\bin;C:\Program Files\MATLAB\R2018a\bin;C:\Program Files\VisualSVN Server\bin;C:\Program Files\TortoiseSVN\bin;C:\Program Files (x86)\NVIDIA Corporation\PhysX\Common;C:\Program Files\NVIDIA Corporation\NVIDIA NvDLISR;C:\Program Files\PuTTY\;C:\Program Files\Docker\Docker\resources\bin;C:\ProgramData\DockerDesktop\version-bin;C:\Users\User\Anaconda3;C:\Users\User\Anaconda3\Library\mingw-w64\bin;C:\Users\User\Anaconda3\Library\usr\bin;C:\Users\User\Anaconda3\Library\bin;C:\Users\User\Anaconda3\Scripts;C:\Users\User\AppData\Local\Microsoft\WindowsApps;C:\Users\User\AppData\Local\atom\bin;%USERPROFILE%\AppData\Local\Microsoft\WindowsApps;
USERNAME=User
DISPLAY=:0
OS=Windows_NT
PROCESSOR_IDENTIFIER=Intel64 Family 6 Model 158 Stepping 9, GenuineIntel



---------------  S Y S T E M  ---------------

OS: Windows 10.0 , 64 bit Build 18362 (10.0.18362.959)

CPU:total 8 (initial active 8) (4 cores per cpu, 2 threads per core) family 6 model 158 stepping 9, cmov, cx8, fxsr, mmx, sse, sse2, sse3, ssse3, sse4.1, sse4.2, popcnt, avx, avx2, aes, clmul, erms, rtm, 3dnowpref, lzcnt, ht, tsc, tscinvbit, bmi1, bmi2, adx

Memory: 4k page, physical 16734736k(2956536k free), swap 16734736k(5256k free)

vm_info: Java HotSpot(TM) 64-Bit Server VM (25.201-b09) for windows-amd64 JRE (1.8.0_201-b09), built on Dec 15 2018 18:36:39 by "java_re" with MS VC++ 10.0 (VS2010)

time: Sun Aug 02 10:29:38 2020
timezone: 대한민국 표준시
elapsed time: 15 seconds (0d 0h 0m 15s)

